<?xml version="1.0" encoding="UTF-8"?>
<!-- Generated by org.testng.reporters.JUnitReportReporter -->
<testsuite skipped="0" hostname="IN2196867W4" name="Mavens.Mavensample.Tescases" tests="3" failures="0" timestamp="19 Jul 2020 05:37:13 GMT" time="43.098" errors="0">
  <testcase name="login" time="20.675" classname="Mavens.Mavensample.Tescases"/>
  <testcase name="login" time="12.419" classname="Mavens.Mavensample.Tescases"/>
  <testcase name="login" time="10.004" classname="Mavens.Mavensample.Tescases"/>
</testsuite> <!-- Mavens.Mavensample.Tescases -->
