<?xml version="1.0" encoding="UTF-8"?>
<!-- Generated by org.testng.reporters.JUnitReportReporter -->
<testsuite skipped="0" hostname="IN2196867W4" name="Mavens.Mavensample.Facebooklogin" tests="3" failures="0" timestamp="18 Jul 2020 05:51:17 GMT" time="59.147" errors="0">
  <testcase name="username" time="18.430" classname="Mavens.Mavensample.Facebooklogin"/>
  <testcase name="username" time="23.635" classname="Mavens.Mavensample.Facebooklogin"/>
  <testcase name="username" time="17.082" classname="Mavens.Mavensample.Facebooklogin"/>
</testsuite> <!-- Mavens.Mavensample.Facebooklogin -->
